# JRE version: OpenJDK Runtime Environment Temurin-21.0.10+7 (21.0.10+7) (build 21.0.10+7-LTS)
# Java VM: OpenJDK 64-Bit Server VM Temurin-21.0.10+7 (21.0.10+7-LTS, mixed mode, sharing, tiered, compressed oops, compressed class ptrs, g1 gc, windows-amd64)
GC Precious Log:
 CardTable entry size: 512
 Card Set container configuration: InlinePtr #cards 4 size 8 Array Of Cards #cards 16 size 48 Howl #buckets 8 coarsen threshold 3686 Howl Bitmap #cards 512 size 80 coarsen threshold 460 Card regions per heap region 1 cards per card region 4096
 CPUs: 8 total, 8 available
 Memory: 16092M
 Large Page Support: Disabled
 NUMA Support: Disabled
 Compressed Oops: Enabled (Zero based)
 Heap Region Size: 2M
 Heap Min Capacity: 8M
 Heap Initial Capacity: 252M
 Heap Max Capacity: 4024M
 Pre-touch: Disabled
 Parallel Workers: 8
 Concurrent Workers: 2
 Concurrent Refinement Workers: 8
 Periodic GC: Disabled
Heap:
 garbage-first heap   total 157696K, used 83845K [0x0000000704800000, 0x0000000800000000)
  region size 2048K, 11 young (22528K), 3 survivors (6144K)
 Metaspace       used 61287K, committed 62592K, reserved 1114112K
  class space    used 6486K, committed 6976K, reserved 1048576K
GC Heap History (20 events):
Event: 59.879 GC heap before
{Heap before GC invocations=22 (full 0):
 garbage-first heap   total 106496K, used 89125K [0x0000000704800000, 0x0000000800000000)
  region size 2048K, 16 young (32768K), 2 survivors (4096K)
 Metaspace       used 52678K, committed 53952K, reserved 1114112K
  class space    used 5727K, committed 6272K, reserved 1048576K
}
Event: 59.882 GC heap after
{Heap after GC invocations=23 (full 0):
 garbage-first heap   total 106496K, used 60605K [0x0000000704800000, 0x0000000800000000)
  region size 2048K, 1 young (2048K), 1 survivors (2048K)
 Metaspace       used 52678K, committed 53952K, reserved 1114112K
  class space    used 5727K, committed 6272K, reserved 1048576K
}
Event: 60.018 GC heap before
{Heap before GC invocations=23 (full 0):
 garbage-first heap   total 106496K, used 95421K [0x0000000704800000, 0x0000000800000000)
  region size 2048K, 18 young (36864K), 1 survivors (2048K)
 Metaspace       used 52895K, committed 54144K, reserved 1114112K
  class space    used 5748K, committed 6272K, reserved 1048576K
}
Event: 60.020 GC heap after
{Heap after GC invocations=24 (full 0):
 garbage-first heap   total 106496K, used 60251K [0x0000000704800000, 0x0000000800000000)
  region size 2048K, 1 young (2048K), 1 survivors (2048K)
 Metaspace       used 52895K, committed 54144K, reserved 1114112K
  class space    used 5748K, committed 6272K, reserved 1048576K
}
Event: 60.243 GC heap before
{Heap before GC invocations=24 (full 0):
 garbage-first heap   total 106496K, used 93019K [0x0000000704800000, 0x0000000800000000)
  region size 2048K, 18 young (36864K), 1 survivors (2048K)
 Metaspace       used 53198K, committed 54400K, reserved 1114112K
  class space    used 5771K, committed 6272K, reserved 1048576K
}
Event: 60.245 GC heap after
{Heap after GC invocations=25 (full 0):
 garbage-first heap   total 129024K, used 60148K [0x0000000704800000, 0x0000000800000000)
  region size 2048K, 1 young (2048K), 1 survivors (2048K)
 Metaspace       used 53198K, committed 54400K, reserved 1114112K
  class space    used 5771K, committed 6272K, reserved 1048576K
}
Event: 60.617 GC heap before
{Heap before GC invocations=26 (full 0):
 garbage-first heap   total 129024K, used 117492K [0x0000000704800000, 0x0000000800000000)
  region size 2048K, 29 young (59392K), 1 survivors (2048K)
 Metaspace       used 53831K, committed 55104K, reserved 1114112K
  class space    used 5832K, committed 6336K, reserved 1048576K
}
Event: 60.620 GC heap after
{Heap after GC invocations=27 (full 0):
 garbage-first heap   total 129024K, used 60958K [0x0000000704800000, 0x0000000800000000)
  region size 2048K, 1 young (2048K), 1 survivors (2048K)
 Metaspace       used 53831K, committed 55104K, reserved 1114112K
  class space    used 5832K, committed 6336K, reserved 1048576K
}
Event: 60.791 GC heap before
{Heap before GC invocations=27 (full 0):
 garbage-first heap   total 129024K, used 116254K [0x0000000704800000, 0x0000000800000000)
  region size 2048K, 29 young (59392K), 1 survivors (2048K)
 Metaspace       used 54438K, committed 55680K, reserved 1114112K
  class space    used 5877K, committed 6400K, reserved 1048576K
}
Event: 60.796 GC heap after
{Heap after GC invocations=28 (full 0):
 garbage-first heap   total 129024K, used 62219K [0x0000000704800000, 0x0000000800000000)
  region size 2048K, 2 young (4096K), 2 survivors (4096K)
 Metaspace       used 54438K, committed 55680K, reserved 1114112K
  class space    used 5877K, committed 6400K, reserved 1048576K
}
Event: 61.030 GC heap before
{Heap before GC invocations=28 (full 0):
 garbage-first heap   total 129024K, used 119563K [0x0000000704800000, 0x0000000800000000)
  region size 2048K, 30 young (61440K), 2 survivors (4096K)
 Metaspace       used 55508K, committed 56832K, reserved 1114112K
  class space    used 5973K, committed 6528K, reserved 1048576K
}
Event: 61.034 GC heap after
{Heap after GC invocations=29 (full 0):
 garbage-first heap   total 129024K, used 61396K [0x0000000704800000, 0x0000000800000000)
  region size 2048K, 2 young (4096K), 2 survivors (4096K)
 Metaspace       used 55508K, committed 56832K, reserved 1114112K
  class space    used 5973K, committed 6528K, reserved 1048576K
}
Event: 61.667 GC heap before
{Heap before GC invocations=30 (full 0):
 garbage-first heap   total 129024K, used 116692K [0x0000000704800000, 0x0000000800000000)
  region size 2048K, 30 young (61440K), 2 survivors (4096K)
 Metaspace       used 57052K, committed 58304K, reserved 1114112K
  class space    used 6110K, committed 6656K, reserved 1048576K
}
Event: 61.673 GC heap after
{Heap after GC invocations=31 (full 0):
 garbage-first heap   total 129024K, used 64407K [0x0000000704800000, 0x0000000800000000)
  region size 2048K, 3 young (6144K), 3 survivors (6144K)
 Metaspace       used 57052K, committed 58304K, reserved 1114112K
  class space    used 6110K, committed 6656K, reserved 1048576K
}
Event: 62.185 GC heap before
{Heap before GC invocations=31 (full 0):
 garbage-first heap   total 129024K, used 119703K [0x0000000704800000, 0x0000000800000000)
  region size 2048K, 30 young (61440K), 3 survivors (6144K)
 Metaspace       used 57945K, committed 59264K, reserved 1114112K
  class space    used 6192K, committed 6720K, reserved 1048576K
}
Event: 62.192 GC heap after
{Heap after GC invocations=32 (full 0):
 garbage-first heap   total 131072K, used 65165K [0x0000000704800000, 0x0000000800000000)
  region size 2048K, 3 young (6144K), 3 survivors (6144K)
 Metaspace       used 57945K, committed 59264K, reserved 1114112K
  class space    used 6192K, committed 6720K, reserved 1048576K
}
Event: 63.622 GC heap before
{Heap before GC invocations=32 (full 0):
 garbage-first heap   total 131072K, used 118413K [0x0000000704800000, 0x0000000800000000)
  region size 2048K, 30 young (61440K), 3 survivors (6144K)
 Metaspace       used 60367K, committed 61696K, reserved 1114112K
  class space    used 6445K, committed 6976K, reserved 1048576K
}
Event: 63.630 GC heap after
{Heap after GC invocations=33 (full 0):
 garbage-first heap   total 157696K, used 67920K [0x0000000704800000, 0x0000000800000000)
  region size 2048K, 3 young (6144K), 3 survivors (6144K)
 Metaspace       used 60367K, committed 61696K, reserved 1114112K
  class space    used 6445K, committed 6976K, reserved 1048576K
}
Event: 64.708 GC heap before
{Heap before GC invocations=34 (full 0):
 garbage-first heap   total 157696K, used 141648K [0x0000000704800000, 0x0000000800000000)
  region size 2048K, 40 young (81920K), 3 survivors (6144K)
 Metaspace       used 61068K, committed 62400K, reserved 1114112K
  class space    used 6465K, committed 6976K, reserved 1048576K
}
Event: 64.713 GC heap after
{Heap after GC invocations=35 (full 0):
 garbage-first heap   total 157696K, used 69509K [0x0000000704800000, 0x0000000800000000)
  region size 2048K, 3 young (6144K), 3 survivors (6144K)
 Metaspace       used 61068K, committed 62400K, reserved 1114112K
  class space    used 6465K, committed 6976K, reserved 1048576K
}

